<?xml version="1.0" encoding="UTF-8"?>
<testsuite xmlns:xsi="http://www.w3.org/2001/XMLSchema-instance" xsi:noNamespaceSchemaLocation="https://maven.apache.org/surefire/maven-surefire-plugin/xsd/surefire-test-report.xsd" name="com.tutorial.testcase.SearchTest" time="25.188" tests="2" errors="0" skipped="0" failures="0">
  <properties>
    <property name="java.specification.version" value="17"/>
    <property name="sun.cpu.isalist" value="amd64"/>
    <property name="sun.jnu.encoding" value="Cp1252"/>
    <property name="java.class.path" value="C:\Users\islem.DESKTOP-TJTR8G5\git\AutoProjectProduct\target\test-classes;C:\Users\islem.DESKTOP-TJTR8G5\git\AutoProjectProduct\target\classes;C:\Users\islem.DESKTOP-TJTR8G5\.m2\repository\junit\junit\4.11\junit-4.11.jar;C:\Users\islem.DESKTOP-TJTR8G5\.m2\repository\org\hamcrest\hamcrest-core\1.3\hamcrest-core-1.3.jar;C:\Users\islem.DESKTOP-TJTR8G5\.m2\repository\org\testng\testng\7.6.1\testng-7.6.1.jar;C:\Users\islem.DESKTOP-TJTR8G5\.m2\repository\com\google\code\findbugs\jsr305\3.0.2\jsr305-3.0.2.jar;C:\Users\islem.DESKTOP-TJTR8G5\.m2\repository\com\beust\jcommander\1.82\jcommander-1.82.jar;C:\Users\islem.DESKTOP-TJTR8G5\.m2\repository\org\webjars\jquery\3.6.0\jquery-3.6.0.jar;C:\Users\islem.DESKTOP-TJTR8G5\.m2\repository\org\jbehave\jbehave-core\4.8.3\jbehave-core-4.8.3.jar;C:\Users\islem.DESKTOP-TJTR8G5\.m2\repository\org\hamcrest\hamcrest\2.2\hamcrest-2.2.jar;C:\Users\islem.DESKTOP-TJTR8G5\.m2\repository\org\apache\commons\commons-text\1.9\commons-text-1.9.jar;C:\Users\islem.DESKTOP-TJTR8G5\.m2\repository\org\codehaus\plexus\plexus-utils\3.3.0\plexus-utils-3.3.0.jar;C:\Users\islem.DESKTOP-TJTR8G5\.m2\repository\com\google\code\gson\gson\2.8.5\gson-2.8.5.jar;C:\Users\islem.DESKTOP-TJTR8G5\.m2\repository\com\thoughtworks\paranamer\paranamer\2.8\paranamer-2.8.jar;C:\Users\islem.DESKTOP-TJTR8G5\.m2\repository\com\thoughtworks\xstream\xstream\1.4.15\xstream-1.4.15.jar;C:\Users\islem.DESKTOP-TJTR8G5\.m2\repository\xmlpull\xmlpull\1.1.3.1\xmlpull-1.1.3.1.jar;C:\Users\islem.DESKTOP-TJTR8G5\.m2\repository\xpp3\xpp3_min\1.1.4c\xpp3_min-1.1.4c.jar;C:\Users\islem.DESKTOP-TJTR8G5\.m2\repository\org\freemarker\freemarker\2.3.32\freemarker-2.3.32.jar;C:\Users\islem.DESKTOP-TJTR8G5\.m2\repository\org\apache\logging\log4j\log4j-jcl\2.17.2\log4j-jcl-2.17.2.jar;C:\Users\islem.DESKTOP-TJTR8G5\.m2\repository\commons-logging\commons-logging\1.2\commons-logging-1.2.jar;C:\Users\islem.DESKTOP-TJTR8G5\.m2\repository\org\apache\logging\log4j\log4j-api\2.17.2\log4j-api-2.17.2.jar;C:\Users\islem.DESKTOP-TJTR8G5\.m2\repository\io\github\bonigarcia\webdrivermanager\4.0.0\webdrivermanager-4.0.0.jar;C:\Users\islem.DESKTOP-TJTR8G5\.m2\repository\org\apache\httpcomponents\client5\httpclient5\5.0\httpclient5-5.0.jar;C:\Users\islem.DESKTOP-TJTR8G5\.m2\repository\org\apache\httpcomponents\core5\httpcore5\5.0\httpcore5-5.0.jar;C:\Users\islem.DESKTOP-TJTR8G5\.m2\repository\org\apache\httpcomponents\core5\httpcore5-h2\5.0\httpcore5-h2-5.0.jar;C:\Users\islem.DESKTOP-TJTR8G5\.m2\repository\org\rauschig\jarchivelib\1.0.0\jarchivelib-1.0.0.jar;C:\Users\islem.DESKTOP-TJTR8G5\.m2\repository\org\jsoup\jsoup\1.13.1\jsoup-1.13.1.jar;C:\Users\islem.DESKTOP-TJTR8G5\.m2\repository\org\seleniumhq\selenium\selenium-java\3.141.59\selenium-java-3.141.59.jar;C:\Users\islem.DESKTOP-TJTR8G5\.m2\repository\org\seleniumhq\selenium\selenium-api\3.141.59\selenium-api-3.141.59.jar;C:\Users\islem.DESKTOP-TJTR8G5\.m2\repository\org\seleniumhq\selenium\selenium-chrome-driver\3.141.59\selenium-chrome-driver-3.141.59.jar;C:\Users\islem.DESKTOP-TJTR8G5\.m2\repository\org\seleniumhq\selenium\selenium-edge-driver\3.141.59\selenium-edge-driver-3.141.59.jar;C:\Users\islem.DESKTOP-TJTR8G5\.m2\repository\org\seleniumhq\selenium\selenium-firefox-driver\3.141.59\selenium-firefox-driver-3.141.59.jar;C:\Users\islem.DESKTOP-TJTR8G5\.m2\repository\org\seleniumhq\selenium\selenium-ie-driver\3.141.59\selenium-ie-driver-3.141.59.jar;C:\Users\islem.DESKTOP-TJTR8G5\.m2\repository\org\seleniumhq\selenium\selenium-opera-driver\3.141.59\selenium-opera-driver-3.141.59.jar;C:\Users\islem.DESKTOP-TJTR8G5\.m2\repository\org\seleniumhq\selenium\selenium-remote-driver\3.141.59\selenium-remote-driver-3.141.59.jar;C:\Users\islem.DESKTOP-TJTR8G5\.m2\repository\org\seleniumhq\selenium\selenium-safari-driver\3.141.59\selenium-safari-driver-3.141.59.jar;C:\Users\islem.DESKTOP-TJTR8G5\.m2\repository\org\seleniumhq\selenium\selenium-support\3.141.59\selenium-support-3.141.59.jar;C:\Users\islem.DESKTOP-TJTR8G5\.m2\repository\net\bytebuddy\byte-buddy\1.8.15\byte-buddy-1.8.15.jar;C:\Users\islem.DESKTOP-TJTR8G5\.m2\repository\org\apache\commons\commons-exec\1.3\commons-exec-1.3.jar;C:\Users\islem.DESKTOP-TJTR8G5\.m2\repository\com\google\guava\guava\25.0-jre\guava-25.0-jre.jar;C:\Users\islem.DESKTOP-TJTR8G5\.m2\repository\org\checkerframework\checker-compat-qual\2.0.0\checker-compat-qual-2.0.0.jar;C:\Users\islem.DESKTOP-TJTR8G5\.m2\repository\com\google\errorprone\error_prone_annotations\2.1.3\error_prone_annotations-2.1.3.jar;C:\Users\islem.DESKTOP-TJTR8G5\.m2\repository\com\google\j2objc\j2objc-annotations\1.1\j2objc-annotations-1.1.jar;C:\Users\islem.DESKTOP-TJTR8G5\.m2\repository\org\codehaus\mojo\animal-sniffer-annotations\1.14\animal-sniffer-annotations-1.14.jar;C:\Users\islem.DESKTOP-TJTR8G5\.m2\repository\com\squareup\okhttp3\okhttp\3.11.0\okhttp-3.11.0.jar;C:\Users\islem.DESKTOP-TJTR8G5\.m2\repository\com\squareup\okio\okio\1.14.0\okio-1.14.0.jar;C:\Users\islem.DESKTOP-TJTR8G5\.m2\repository\org\slf4j\slf4j-api\2.0.0-alpha1\slf4j-api-2.0.0-alpha1.jar;C:\Users\islem.DESKTOP-TJTR8G5\.m2\repository\org\slf4j\slf4j-nop\2.0.0-alpha1\slf4j-nop-2.0.0-alpha1.jar;C:\Users\islem.DESKTOP-TJTR8G5\.m2\repository\org\apache\poi\poi\4.0.1\poi-4.0.1.jar;C:\Users\islem.DESKTOP-TJTR8G5\.m2\repository\commons-codec\commons-codec\1.11\commons-codec-1.11.jar;C:\Users\islem.DESKTOP-TJTR8G5\.m2\repository\org\apache\commons\commons-collections4\4.2\commons-collections4-4.2.jar;C:\Users\islem.DESKTOP-TJTR8G5\.m2\repository\org\apache\commons\commons-math3\3.6.1\commons-math3-3.6.1.jar;C:\Users\islem.DESKTOP-TJTR8G5\.m2\repository\org\apache\poi\poi-ooxml\4.0.1\poi-ooxml-4.0.1.jar;C:\Users\islem.DESKTOP-TJTR8G5\.m2\repository\org\apache\poi\poi-ooxml-schemas\4.0.1\poi-ooxml-schemas-4.0.1.jar;C:\Users\islem.DESKTOP-TJTR8G5\.m2\repository\org\apache\commons\commons-compress\1.18\commons-compress-1.18.jar;C:\Users\islem.DESKTOP-TJTR8G5\.m2\repository\com\github\virtuald\curvesapi\1.05\curvesapi-1.05.jar;C:\Users\islem.DESKTOP-TJTR8G5\.m2\repository\org\apache\xmlbeans\xmlbeans\3.1.0\xmlbeans-3.1.0.jar;C:\Users\islem.DESKTOP-TJTR8G5\.m2\repository\org\apache\poi\poi-scratchpad\4.1.0\poi-scratchpad-4.1.0.jar;C:\Users\islem.DESKTOP-TJTR8G5\.m2\repository\com\googlecode\json-simple\json-simple\1.1\json-simple-1.1.jar;C:\Users\islem.DESKTOP-TJTR8G5\.m2\repository\com\aventstack\extentreports\5.0.0\extentreports-5.0.0.jar;C:\Users\islem.DESKTOP-TJTR8G5\.m2\repository\io\reactivex\rxjava3\rxjava\3.0.4\rxjava-3.0.4.jar;C:\Users\islem.DESKTOP-TJTR8G5\.m2\repository\org\reactivestreams\reactive-streams\1.0.3\reactive-streams-1.0.3.jar;C:\Users\islem.DESKTOP-TJTR8G5\.m2\repository\org\apache\commons\commons-lang3\3.0\commons-lang3-3.0.jar;C:\Users\islem.DESKTOP-TJTR8G5\.m2\repository\commons-io\commons-io\2.6\commons-io-2.6.jar;C:\Users\islem.DESKTOP-TJTR8G5\.m2\repository\org\slf4j\slf4j-log4j12\1.7.5\slf4j-log4j12-1.7.5.jar;C:\Users\islem.DESKTOP-TJTR8G5\.m2\repository\log4j\log4j\1.2.17\log4j-1.2.17.jar;C:\Users\islem.DESKTOP-TJTR8G5\.m2\repository\org\projectlombok\lombok\1.18.20\lombok-1.18.20.jar;C:\Users\islem.DESKTOP-TJTR8G5\.m2\repository\org\springframework\spring-context\5.1.5.RELEASE\spring-context-5.1.5.RELEASE.jar;C:\Users\islem.DESKTOP-TJTR8G5\.m2\repository\org\springframework\spring-aop\5.1.5.RELEASE\spring-aop-5.1.5.RELEASE.jar;C:\Users\islem.DESKTOP-TJTR8G5\.m2\repository\org\springframework\spring-beans\5.1.5.RELEASE\spring-beans-5.1.5.RELEASE.jar;C:\Users\islem.DESKTOP-TJTR8G5\.m2\repository\org\springframework\spring-core\5.1.5.RELEASE\spring-core-5.1.5.RELEASE.jar;C:\Users\islem.DESKTOP-TJTR8G5\.m2\repository\org\springframework\spring-jcl\5.1.5.RELEASE\spring-jcl-5.1.5.RELEASE.jar;C:\Users\islem.DESKTOP-TJTR8G5\.m2\repository\org\springframework\spring-expression\5.1.5.RELEASE\spring-expression-5.1.5.RELEASE.jar;"/>
    <property name="java.vm.vendor" value="Oracle Corporation"/>
    <property name="sun.arch.data.model" value="64"/>
    <property name="user.variant" value=""/>
    <property name="java.vendor.url" value="https://java.oracle.com/"/>
    <property name="user.timezone" value="Europe/London"/>
    <property name="os.name" value="Windows 10"/>
    <property name="java.vm.specification.version" value="17"/>
    <property name="sun.java.launcher" value="SUN_STANDARD"/>
    <property name="user.country" value="FR"/>
    <property name="sun.boot.library.path" value="C:\Program Files\Java\jdk-17.0.1\bin"/>
    <property name="sun.java.command" value="C:\Users\ISLEM~1.DES\AppData\Local\Temp\surefire10336199979383940280\surefirebooter16546408611947611545.jar C:\Users\islem.DESKTOP-TJTR8G5\AppData\Local\Temp\surefire10336199979383940280 2023-11-28T00-34-11_436-jvmRun1 surefire13172941821025076621tmp surefire_07409518860538468480tmp"/>
    <property name="jdk.debug" value="release"/>
    <property name="test" value="SearchTest.java"/>
    <property name="surefire.test.class.path" value="C:\Users\islem.DESKTOP-TJTR8G5\git\AutoProjectProduct\target\test-classes;C:\Users\islem.DESKTOP-TJTR8G5\git\AutoProjectProduct\target\classes;C:\Users\islem.DESKTOP-TJTR8G5\.m2\repository\junit\junit\4.11\junit-4.11.jar;C:\Users\islem.DESKTOP-TJTR8G5\.m2\repository\org\hamcrest\hamcrest-core\1.3\hamcrest-core-1.3.jar;C:\Users\islem.DESKTOP-TJTR8G5\.m2\repository\org\testng\testng\7.6.1\testng-7.6.1.jar;C:\Users\islem.DESKTOP-TJTR8G5\.m2\repository\com\google\code\findbugs\jsr305\3.0.2\jsr305-3.0.2.jar;C:\Users\islem.DESKTOP-TJTR8G5\.m2\repository\com\beust\jcommander\1.82\jcommander-1.82.jar;C:\Users\islem.DESKTOP-TJTR8G5\.m2\repository\org\webjars\jquery\3.6.0\jquery-3.6.0.jar;C:\Users\islem.DESKTOP-TJTR8G5\.m2\repository\org\jbehave\jbehave-core\4.8.3\jbehave-core-4.8.3.jar;C:\Users\islem.DESKTOP-TJTR8G5\.m2\repository\org\hamcrest\hamcrest\2.2\hamcrest-2.2.jar;C:\Users\islem.DESKTOP-TJTR8G5\.m2\repository\org\apache\commons\commons-text\1.9\commons-text-1.9.jar;C:\Users\islem.DESKTOP-TJTR8G5\.m2\repository\org\codehaus\plexus\plexus-utils\3.3.0\plexus-utils-3.3.0.jar;C:\Users\islem.DESKTOP-TJTR8G5\.m2\repository\com\google\code\gson\gson\2.8.5\gson-2.8.5.jar;C:\Users\islem.DESKTOP-TJTR8G5\.m2\repository\com\thoughtworks\paranamer\paranamer\2.8\paranamer-2.8.jar;C:\Users\islem.DESKTOP-TJTR8G5\.m2\repository\com\thoughtworks\xstream\xstream\1.4.15\xstream-1.4.15.jar;C:\Users\islem.DESKTOP-TJTR8G5\.m2\repository\xmlpull\xmlpull\1.1.3.1\xmlpull-1.1.3.1.jar;C:\Users\islem.DESKTOP-TJTR8G5\.m2\repository\xpp3\xpp3_min\1.1.4c\xpp3_min-1.1.4c.jar;C:\Users\islem.DESKTOP-TJTR8G5\.m2\repository\org\freemarker\freemarker\2.3.32\freemarker-2.3.32.jar;C:\Users\islem.DESKTOP-TJTR8G5\.m2\repository\org\apache\logging\log4j\log4j-jcl\2.17.2\log4j-jcl-2.17.2.jar;C:\Users\islem.DESKTOP-TJTR8G5\.m2\repository\commons-logging\commons-logging\1.2\commons-logging-1.2.jar;C:\Users\islem.DESKTOP-TJTR8G5\.m2\repository\org\apache\logging\log4j\log4j-api\2.17.2\log4j-api-2.17.2.jar;C:\Users\islem.DESKTOP-TJTR8G5\.m2\repository\io\github\bonigarcia\webdrivermanager\4.0.0\webdrivermanager-4.0.0.jar;C:\Users\islem.DESKTOP-TJTR8G5\.m2\repository\org\apache\httpcomponents\client5\httpclient5\5.0\httpclient5-5.0.jar;C:\Users\islem.DESKTOP-TJTR8G5\.m2\repository\org\apache\httpcomponents\core5\httpcore5\5.0\httpcore5-5.0.jar;C:\Users\islem.DESKTOP-TJTR8G5\.m2\repository\org\apache\httpcomponents\core5\httpcore5-h2\5.0\httpcore5-h2-5.0.jar;C:\Users\islem.DESKTOP-TJTR8G5\.m2\repository\org\rauschig\jarchivelib\1.0.0\jarchivelib-1.0.0.jar;C:\Users\islem.DESKTOP-TJTR8G5\.m2\repository\org\jsoup\jsoup\1.13.1\jsoup-1.13.1.jar;C:\Users\islem.DESKTOP-TJTR8G5\.m2\repository\org\seleniumhq\selenium\selenium-java\3.141.59\selenium-java-3.141.59.jar;C:\Users\islem.DESKTOP-TJTR8G5\.m2\repository\org\seleniumhq\selenium\selenium-api\3.141.59\selenium-api-3.141.59.jar;C:\Users\islem.DESKTOP-TJTR8G5\.m2\repository\org\seleniumhq\selenium\selenium-chrome-driver\3.141.59\selenium-chrome-driver-3.141.59.jar;C:\Users\islem.DESKTOP-TJTR8G5\.m2\repository\org\seleniumhq\selenium\selenium-edge-driver\3.141.59\selenium-edge-driver-3.141.59.jar;C:\Users\islem.DESKTOP-TJTR8G5\.m2\repository\org\seleniumhq\selenium\selenium-firefox-driver\3.141.59\selenium-firefox-driver-3.141.59.jar;C:\Users\islem.DESKTOP-TJTR8G5\.m2\repository\org\seleniumhq\selenium\selenium-ie-driver\3.141.59\selenium-ie-driver-3.141.59.jar;C:\Users\islem.DESKTOP-TJTR8G5\.m2\repository\org\seleniumhq\selenium\selenium-opera-driver\3.141.59\selenium-opera-driver-3.141.59.jar;C:\Users\islem.DESKTOP-TJTR8G5\.m2\repository\org\seleniumhq\selenium\selenium-remote-driver\3.141.59\selenium-remote-driver-3.141.59.jar;C:\Users\islem.DESKTOP-TJTR8G5\.m2\repository\org\seleniumhq\selenium\selenium-safari-driver\3.141.59\selenium-safari-driver-3.141.59.jar;C:\Users\islem.DESKTOP-TJTR8G5\.m2\repository\org\seleniumhq\selenium\selenium-support\3.141.59\selenium-support-3.141.59.jar;C:\Users\islem.DESKTOP-TJTR8G5\.m2\repository\net\bytebuddy\byte-buddy\1.8.15\byte-buddy-1.8.15.jar;C:\Users\islem.DESKTOP-TJTR8G5\.m2\repository\org\apache\commons\commons-exec\1.3\commons-exec-1.3.jar;C:\Users\islem.DESKTOP-TJTR8G5\.m2\repository\com\google\guava\guava\25.0-jre\guava-25.0-jre.jar;C:\Users\islem.DESKTOP-TJTR8G5\.m2\repository\org\checkerframework\checker-compat-qual\2.0.0\checker-compat-qual-2.0.0.jar;C:\Users\islem.DESKTOP-TJTR8G5\.m2\repository\com\google\errorprone\error_prone_annotations\2.1.3\error_prone_annotations-2.1.3.jar;C:\Users\islem.DESKTOP-TJTR8G5\.m2\repository\com\google\j2objc\j2objc-annotations\1.1\j2objc-annotations-1.1.jar;C:\Users\islem.DESKTOP-TJTR8G5\.m2\repository\org\codehaus\mojo\animal-sniffer-annotations\1.14\animal-sniffer-annotations-1.14.jar;C:\Users\islem.DESKTOP-TJTR8G5\.m2\repository\com\squareup\okhttp3\okhttp\3.11.0\okhttp-3.11.0.jar;C:\Users\islem.DESKTOP-TJTR8G5\.m2\repository\com\squareup\okio\okio\1.14.0\okio-1.14.0.jar;C:\Users\islem.DESKTOP-TJTR8G5\.m2\repository\org\slf4j\slf4j-api\2.0.0-alpha1\slf4j-api-2.0.0-alpha1.jar;C:\Users\islem.DESKTOP-TJTR8G5\.m2\repository\org\slf4j\slf4j-nop\2.0.0-alpha1\slf4j-nop-2.0.0-alpha1.jar;C:\Users\islem.DESKTOP-TJTR8G5\.m2\repository\org\apache\poi\poi\4.0.1\poi-4.0.1.jar;C:\Users\islem.DESKTOP-TJTR8G5\.m2\repository\commons-codec\commons-codec\1.11\commons-codec-1.11.jar;C:\Users\islem.DESKTOP-TJTR8G5\.m2\repository\org\apache\commons\commons-collections4\4.2\commons-collections4-4.2.jar;C:\Users\islem.DESKTOP-TJTR8G5\.m2\repository\org\apache\commons\commons-math3\3.6.1\commons-math3-3.6.1.jar;C:\Users\islem.DESKTOP-TJTR8G5\.m2\repository\org\apache\poi\poi-ooxml\4.0.1\poi-ooxml-4.0.1.jar;C:\Users\islem.DESKTOP-TJTR8G5\.m2\repository\org\apache\poi\poi-ooxml-schemas\4.0.1\poi-ooxml-schemas-4.0.1.jar;C:\Users\islem.DESKTOP-TJTR8G5\.m2\repository\org\apache\commons\commons-compress\1.18\commons-compress-1.18.jar;C:\Users\islem.DESKTOP-TJTR8G5\.m2\repository\com\github\virtuald\curvesapi\1.05\curvesapi-1.05.jar;C:\Users\islem.DESKTOP-TJTR8G5\.m2\repository\org\apache\xmlbeans\xmlbeans\3.1.0\xmlbeans-3.1.0.jar;C:\Users\islem.DESKTOP-TJTR8G5\.m2\repository\org\apache\poi\poi-scratchpad\4.1.0\poi-scratchpad-4.1.0.jar;C:\Users\islem.DESKTOP-TJTR8G5\.m2\repository\com\googlecode\json-simple\json-simple\1.1\json-simple-1.1.jar;C:\Users\islem.DESKTOP-TJTR8G5\.m2\repository\com\aventstack\extentreports\5.0.0\extentreports-5.0.0.jar;C:\Users\islem.DESKTOP-TJTR8G5\.m2\repository\io\reactivex\rxjava3\rxjava\3.0.4\rxjava-3.0.4.jar;C:\Users\islem.DESKTOP-TJTR8G5\.m2\repository\org\reactivestreams\reactive-streams\1.0.3\reactive-streams-1.0.3.jar;C:\Users\islem.DESKTOP-TJTR8G5\.m2\repository\org\apache\commons\commons-lang3\3.0\commons-lang3-3.0.jar;C:\Users\islem.DESKTOP-TJTR8G5\.m2\repository\commons-io\commons-io\2.6\commons-io-2.6.jar;C:\Users\islem.DESKTOP-TJTR8G5\.m2\repository\org\slf4j\slf4j-log4j12\1.7.5\slf4j-log4j12-1.7.5.jar;C:\Users\islem.DESKTOP-TJTR8G5\.m2\repository\log4j\log4j\1.2.17\log4j-1.2.17.jar;C:\Users\islem.DESKTOP-TJTR8G5\.m2\repository\org\projectlombok\lombok\1.18.20\lombok-1.18.20.jar;C:\Users\islem.DESKTOP-TJTR8G5\.m2\repository\org\springframework\spring-context\5.1.5.RELEASE\spring-context-5.1.5.RELEASE.jar;C:\Users\islem.DESKTOP-TJTR8G5\.m2\repository\org\springframework\spring-aop\5.1.5.RELEASE\spring-aop-5.1.5.RELEASE.jar;C:\Users\islem.DESKTOP-TJTR8G5\.m2\repository\org\springframework\spring-beans\5.1.5.RELEASE\spring-beans-5.1.5.RELEASE.jar;C:\Users\islem.DESKTOP-TJTR8G5\.m2\repository\org\springframework\spring-core\5.1.5.RELEASE\spring-core-5.1.5.RELEASE.jar;C:\Users\islem.DESKTOP-TJTR8G5\.m2\repository\org\springframework\spring-jcl\5.1.5.RELEASE\spring-jcl-5.1.5.RELEASE.jar;C:\Users\islem.DESKTOP-TJTR8G5\.m2\repository\org\springframework\spring-expression\5.1.5.RELEASE\spring-expression-5.1.5.RELEASE.jar;"/>
    <property name="sun.cpu.endian" value="little"/>
    <property name="user.home" value="C:\Users\islem.DESKTOP-TJTR8G5"/>
    <property name="user.language" value="fr"/>
    <property name="java.specification.vendor" value="Oracle Corporation"/>
    <property name="java.version.date" value="2021-10-19"/>
    <property name="java.home" value="C:\Program Files\Java\jdk-17.0.1"/>
    <property name="file.separator" value="\"/>
    <property name="basedir" value="C:\Users\islem.DESKTOP-TJTR8G5\git\AutoProjectProduct"/>
    <property name="java.vm.compressedOopsMode" value="32-bit"/>
    <property name="line.separator" value="&#10;"/>
    <property name="java.vm.specification.vendor" value="Oracle Corporation"/>
    <property name="java.specification.name" value="Java Platform API Specification"/>
    <property name="surefire.real.class.path" value="C:\Users\ISLEM~1.DES\AppData\Local\Temp\surefire10336199979383940280\surefirebooter16546408611947611545.jar"/>
    <property name="user.script" value=""/>
    <property name="sun.management.compiler" value="HotSpot 64-Bit Tiered Compilers"/>
    <property name="java.runtime.version" value="17.0.1+12-LTS-39"/>
    <property name="user.name" value="islem"/>
    <property name="path.separator" value=";"/>
    <property name="os.version" value="10.0"/>
    <property name="java.runtime.name" value="Java(TM) SE Runtime Environment"/>
    <property name="file.encoding" value="Cp1252"/>
    <property name="java.vm.name" value="Java HotSpot(TM) 64-Bit Server VM"/>
    <property name="localRepository" value="C:\Users\islem.DESKTOP-TJTR8G5\.m2\repository"/>
    <property name="java.vendor.url.bug" value="https://bugreport.java.com/bugreport/"/>
    <property name="java.io.tmpdir" value="C:\Users\ISLEM~1.DES\AppData\Local\Temp\"/>
    <property name="java.version" value="17.0.1"/>
    <property name="user.dir" value="C:\Users\islem.DESKTOP-TJTR8G5\git\AutoProjectProduct"/>
    <property name="os.arch" value="amd64"/>
    <property name="java.vm.specification.name" value="Java Virtual Machine Specification"/>
    <property name="sun.os.patch.level" value=""/>
    <property name="native.encoding" value="Cp1252"/>
    <property name="java.library.path" value="C:\Program Files\Java\jdk-17.0.1\bin;C:\WINDOWS\Sun\Java\bin;C:\WINDOWS\system32;C:\WINDOWS;C:\Python311\Scripts\;C:\Python311\;C:\Program Files\Common Files\Oracle\Java\javapath;C:\Program Files (x86)\Common Files\Oracle\Java\javapath;C:\Program Files (x86)\Common Files\Intel\Shared Libraries\redist\intel64\compiler;C:\WINDOWS\system32;C:\WINDOWS;C:\WINDOWS\System32\Wbem;C:\WINDOWS\System32\WindowsPowerShell\v1.0\;C:\Program Files\Microsoft SQL Server\120\Tools\Binn\;C:\WINDOWS\System32\OpenSSH\;C:\apache-maven-3.6.3\bin;C:\Program Files\Java\jdk-17.0.1\bin; C:\Program Files\Java\jdk-17.0.1\bin;C:\Program Files\Java\jdk1.8.0_251\bin;C:\Program Files\Python;C:\Program Files\Python\Scripts;C:\Program Files\nodejs\;C:\ProgramData\chocolatey\bin;C:\Users\islem.DESKTOP-TJTR8G5\Desktop\android-sdk\platform-tools;C:\Users\islem.DESKTOP-TJTR8G5\Desktop\android-sdk\build-tools;C:\Program Files\Java\jdk-17.0.1\bin;C:\apache-maven-3.6.3\bin;C:\apache-maven-3.6.3\bin;D:\jenkinsHome;C:\gradle-5.6.4\bin;C:\Program Files\Git\cmd;C:\Users\islem.DESKTOP-TJTR8G5\AppData\Local\Microsoft\WindowsApps;C:\Users\islem.DESKTOP-TJTR8G5\AppData\Local\Programs\Git\cmd;C:\Users\islem.DESKTOP-TJTR8G5\AppData\Local\Programs\Microsoft VS Code\bin;C:\Users\islem.DESKTOP-TJTR8G5\AppData\Roaming\npm;."/>
    <property name="java.vm.info" value="mixed mode, sharing"/>
    <property name="java.vendor" value="Oracle Corporation"/>
    <property name="java.vm.version" value="17.0.1+12-LTS-39"/>
    <property name="sun.io.unicode.encoding" value="UnicodeLittle"/>
    <property name="java.class.version" value="61.0"/>
  </properties>
  <testcase name="searchProductValide" classname="com.tutorial.testcase.SearchTest" time="1.091"/>
  <testcase name="searchProductinValide" classname="com.tutorial.testcase.SearchTest" time="0.796"/>
</testsuite>