<?xml version="1.0" encoding="UTF-8"?>
<!-- Generated by org.testng.reporters.JUnitReportReporter -->
<testsuite skipped="0" hostname="DESKTOP-TJTR8G5" name="com.tutorial.testcase.Search" tests="2" failures="0" timestamp="2023-11-21T20:41:47 GMT" time="23.651" errors="0">
  <testcase name="searchProductValide" time="13.052" classname="com.tutorial.testcase.Search"/>
  <system-out/>
  <testcase name="searchProductinValide" time="10.599" classname="com.tutorial.testcase.Search"/>
  <system-out/>
</testsuite> <!-- com.tutorial.testcase.Search -->
