<?xml version="1.0" encoding="UTF-8"?>
<!-- Generated by org.testng.reporters.JUnitReportReporter -->
<testsuite skipped="0" hostname="DESKTOP-TJTR8G5" name="com.tutorial.testcase.Login1" tests="1" failures="0" timestamp="2023-11-10T22:44:58 GMT" time="15.159" errors="0">
  <testcase name="verifiyLoginWithinCorrectCredential" time="15.159" classname="com.tutorial.testcase.Login1"/>
  <system-out/>
</testsuite> <!-- com.tutorial.testcase.Login1 -->
