<?xml version="1.0" encoding="UTF-8"?>
<!-- Generated by org.testng.reporters.JUnitReportReporter -->
<testsuite hostname="DESKTOP-TJTR8G5" failures="0" tests="3" name="com.tutorial.testcase.LoginTest" time="34.713" errors="0" timestamp="2023-12-02T00:30:32 GMT" skipped="0">
  <testcase classname="com.tutorial.testcase.LoginTest" name="verifiyLoginWithCorrectCredential" time="12.086"/>
  <system-out/>
  <testcase classname="com.tutorial.testcase.LoginTest" name="verifiyLoginWithinCorrectCredential" time="11.091"/>
  <system-out/>
  <testcase classname="com.tutorial.testcase.LoginTest" name="verifiyLoginWithinCorrectEmail" time="11.536"/>
  <system-out/>
</testsuite> <!-- com.tutorial.testcase.LoginTest -->
