<?xml version="1.0" encoding="UTF-8"?>
<!-- Generated by org.testng.reporters.JUnitReportReporter -->
<testsuite skipped="0" hostname="DESKTOP-TJTR8G5" name="com.tutorial.testcase.RegisteTest" tests="3" failures="0" timestamp="2023-11-22T23:22:54 GMT" time="45.295" errors="0">
  <testcase name="resgisterwithMondotaryField" time="15.404" classname="com.tutorial.testcase.RegisteTest"/>
  <system-out/>
  <testcase name="resgisterwithEmailExiste" time="16.525" classname="com.tutorial.testcase.RegisteTest"/>
  <system-out/>
  <testcase name="resgisterwitoutAnyDetail" time="13.366" classname="com.tutorial.testcase.RegisteTest"/>
  <system-out/>
</testsuite> <!-- com.tutorial.testcase.RegisteTest -->
