<?xml version="1.0" encoding="UTF-8"?>
<!-- Generated by org.testng.reporters.JUnitReportReporter -->
<testsuite skipped="0" hostname="DESKTOP-TJTR8G5" name="com.tutorial.testcase.Login" tests="3" failures="0" timestamp="2023-11-20T11:10:43 GMT" time="155.716" errors="0">
  <testcase name="verifiyLoginWithCorrectCredential" time="31.068" classname="com.tutorial.testcase.Login"/>
  <system-out/>
  <testcase name="verifiyLoginWithinCorrectCredential" time="74.470" classname="com.tutorial.testcase.Login"/>
  <system-out/>
  <testcase name="verifiyLoginWithinCorrectEmail" time="50.178" classname="com.tutorial.testcase.Login"/>
  <system-out/>
</testsuite> <!-- com.tutorial.testcase.Login -->
