<?xml version="1.0" encoding="UTF-8"?>
<!-- Generated by org.testng.reporters.JUnitReportReporter -->
<testsuite skipped="0" hostname="DESKTOP-TJTR8G5" name="com.tutorial.testcase.SearchTest" tests="1" failures="0" timestamp="2023-11-21T23:22:23 GMT" time="13.689" errors="0">
  <testcase name="searchProductValide" time="13.689" classname="com.tutorial.testcase.SearchTest"/>
  <system-out/>
</testsuite> <!-- com.tutorial.testcase.SearchTest -->
