<?xml version="1.0" encoding="UTF-8"?>
<!-- Generated by org.testng.reporters.JUnitReportReporter -->
<testsuite skipped="0" hostname="DESKTOP-TJTR8G5" name="com.tutorial.testcase.Register1" tests="1" failures="0" timestamp="2023-11-02T22:20:06 GMT" time="12.969" errors="0">
  <testcase name="resgisterwithMondotaryField" time="12.969" classname="com.tutorial.testcase.Register1"/>
  <system-out/>
</testsuite> <!-- com.tutorial.testcase.Register1 -->
