<?xml version="1.0" encoding="UTF-8"?>
<!-- Generated by org.testng.reporters.JUnitReportReporter -->
<testsuite hostname="DESKTOP-TJTR8G5" failures="0" tests="3" name="com.tutorial.testcase.Register1" time="38.348" errors="0" timestamp="2023-12-02T00:30:31 GMT" skipped="0">
  <testcase classname="com.tutorial.testcase.Register1" name="resgisterwitoutAnyDetail" time="11.263"/>
  <system-out/>
  <testcase classname="com.tutorial.testcase.Register1" name="resgisterwithMondotaryField" time="13.412"/>
  <system-out/>
  <testcase classname="com.tutorial.testcase.Register1" name="resgisterwithEmailExiste" time="13.673"/>
  <system-out/>
</testsuite> <!-- com.tutorial.testcase.Register1 -->
