<?xml version="1.0" encoding="UTF-8"?>
<!-- Generated by org.testng.reporters.JUnitReportReporter -->
<testsuite hostname="DESKTOP-TJTR8G5" failures="0" tests="3" name="com.tutorial.testcase.Login1" time="34.601" errors="0" timestamp="2023-12-02T00:30:31 GMT" skipped="0">
  <testcase classname="com.tutorial.testcase.Login1" name="verifiyLoginWithCorrectCredential" time="11.688"/>
  <system-out/>
  <testcase classname="com.tutorial.testcase.Login1" name="verifiyLoginWithinCorrectCredential" time="11.040"/>
  <system-out/>
  <testcase classname="com.tutorial.testcase.Login1" name="verifiyLoginWithinCorrectEmail" time="11.873"/>
  <system-out/>
</testsuite> <!-- com.tutorial.testcase.Login1 -->
