<?xml version="1.0" encoding="UTF-8"?>
<!-- Generated by org.testng.reporters.JUnitReportReporter -->
<testsuite skipped="0" hostname="DESKTOP-TJTR8G5" name="com.tutorial.testcase.Registe" tests="3" failures="0" timestamp="2023-11-20T11:10:43 GMT" time="147.170" errors="0">
  <testcase name="resgisterwithMondotaryField" time="88.188" classname="com.tutorial.testcase.Registe"/>
  <system-out/>
  <testcase name="resgisterwithEmailExiste" time="32.988" classname="com.tutorial.testcase.Registe"/>
  <system-out/>
  <testcase name="resgisterwitoutAnyDetail" time="25.994" classname="com.tutorial.testcase.Registe"/>
  <system-out/>
</testsuite> <!-- com.tutorial.testcase.Registe -->
