<?xml version="1.0" encoding="UTF-8"?>
<!-- Generated by org.testng.reporters.JUnitReportReporter -->
<testsuite hostname="DESKTOP-TJTR8G5" failures="0" tests="3" name="com.tutorial.testcase.RegisteTest" time="39.239" errors="0" timestamp="2023-12-02T00:30:31 GMT" skipped="0">
  <testcase classname="com.tutorial.testcase.RegisteTest" name="resgisterwithMondotaryField" time="15.988"/>
  <system-out/>
  <testcase classname="com.tutorial.testcase.RegisteTest" name="resgisterwithEmailExiste" time="12.303"/>
  <system-out/>
  <testcase classname="com.tutorial.testcase.RegisteTest" name="resgisterwitoutAnyDetail" time="10.948"/>
  <system-out/>
</testsuite> <!-- com.tutorial.testcase.RegisteTest -->
