<?xml version="1.0" encoding="UTF-8"?>
<!-- Generated by org.testng.reporters.JUnitReportReporter -->
<testsuite hostname="DESKTOP-TJTR8G5" failures="0" tests="3" name="com.tutorial.testcase.RegisteTest" time="35.182" errors="0" timestamp="2023-11-23T21:41:38 GMT" skipped="0">
  <testcase classname="com.tutorial.testcase.RegisteTest" name="resgisterwithMondotaryField" time="12.505"/>
  <system-out/>
  <testcase classname="com.tutorial.testcase.RegisteTest" name="resgisterwithEmailExiste" time="11.078"/>
  <system-out/>
  <testcase classname="com.tutorial.testcase.RegisteTest" name="resgisterwitoutAnyDetail" time="11.599"/>
  <system-out/>
</testsuite> <!-- com.tutorial.testcase.RegisteTest -->
