<?xml version="1.0" encoding="UTF-8"?>
<!-- Generated by org.testng.reporters.JUnitReportReporter -->
<testsuite hostname="DESKTOP-TJTR8G5" failures="0" tests="2" name="com.tutorial.testcase.SearchTest" time="19.672" errors="0" timestamp="2023-11-23T21:41:38 GMT" skipped="0">
  <testcase classname="com.tutorial.testcase.SearchTest" name="searchProductValide" time="9.697"/>
  <system-out/>
  <testcase classname="com.tutorial.testcase.SearchTest" name="searchProductinValide" time="9.975"/>
  <system-out/>
</testsuite> <!-- com.tutorial.testcase.SearchTest -->
