<?xml version="1.0" encoding="UTF-8"?>
<!-- Generated by org.testng.reporters.JUnitReportReporter -->
<testsuite hostname="DESKTOP-TJTR8G5" failures="0" tests="2" name="com.tutorial.testcase.SearchTest" time="26.467" errors="0" timestamp="2023-11-27T21:13:07 GMT" skipped="0">
  <testcase classname="com.tutorial.testcase.SearchTest" name="searchProductValide" time="11.827"/>
  <system-out/>
  <testcase classname="com.tutorial.testcase.SearchTest" name="searchProductinValide" time="14.640"/>
  <system-out/>
</testsuite> <!-- com.tutorial.testcase.SearchTest -->
