<?xml version="1.0" encoding="UTF-8"?>
<!-- Generated by org.testng.reporters.JUnitReportReporter -->
<testsuite hostname="DESKTOP-TJTR8G5" failures="0" tests="3" name="com.tutorial.testcase.LoginTest" time="34.888" errors="0" timestamp="2023-11-23T21:41:38 GMT" skipped="0">
  <testcase classname="com.tutorial.testcase.LoginTest" name="verifiyLoginWithCorrectCredential" time="12.863"/>
  <system-out/>
  <testcase classname="com.tutorial.testcase.LoginTest" name="verifiyLoginWithinCorrectCredential" time="11.391"/>
  <system-out/>
  <testcase classname="com.tutorial.testcase.LoginTest" name="verifiyLoginWithinCorrectEmail" time="10.634"/>
  <system-out/>
</testsuite> <!-- com.tutorial.testcase.LoginTest -->
